Arguments: 
  /Users/duynvt/.nvm/versions/node/v10.15.3/bin/node /usr/local/Cellar/yarn/1.6.0/libexec/bin/yarn.js install

PATH: 
  /Users/duynvt/.nvm/versions/node/v10.15.3/bin:/Users/duynvt/.cargo/bin:/usr/local/bin:/usr/bin:/bin:/usr/sbin:/sbin:/Users/duynvt/Library/Android/sdk/emulator:/Users/duynvt/Library/Android/sdk/tools:/Users/duynvt/Library/Android/sdk/tools/bin:/Users/duynvt/Library/Android/sdk/platform-tools

Yarn version: 
  1.6.0

Node version: 
  10.15.3

Platform: 
  darwin x64

Trace: 
  SyntaxError: /Users/duynvt/Documents/project/baseibl/ConseilJS/package.json: Unexpected token } in JSON at position 1060
      at JSON.parse (<anonymous>)
      at /usr/local/Cellar/yarn/1.6.0/libexec/lib/cli.js:1130:59
      at Generator.next (<anonymous>)
      at step (/usr/local/Cellar/yarn/1.6.0/libexec/lib/cli.js:98:30)
      at /usr/local/Cellar/yarn/1.6.0/libexec/lib/cli.js:109:13

npm manifest: 
  {
    "name": "conseiljs",
    "version": "0.3.7",
    "description": "Client-side library for dApp development.",
    "main": "dist/index.js",
    "types": "dist/index.d.ts",
    "files": [
      "dist"
    ],
    "scripts": {
      "test": "mocha \"test/**/*.spec.ts\"",
      "format": "eslint --fix-dry-run src/*/*.ts",
      "coverage": "nyc mocha \"test/**/*.spec.ts\" && nyc report | coveralls",
      "release-check": "npm run test && npm audit && npm outdated",
      "doc": "rm -rf ./tsdoc && typedoc --readme none --excludeNotExported --mode file --theme markdown --out ./tsdoc ./src",
      "compile-tezos-parsers": "nearleyc grammar/tezos/Micheline.ne -o src/chain/tezos/lexer/Micheline.ts && nearleyc grammar/tezos/Michelson.ne -o src/chain/tezos/lexer/Michelson.ts && nearleyc grammar/tezos/MichelsonParameters.ne -o src/chain/tezos/lexer/MichelsonParameters.ts && nearleyc grammar/tezos/EntryPointTemplate.ne -o src/chain/tezos/lexer/EntryPointTemplate.ts",
      "package": "rm -rf ./dist && npm run compile-tezos-parsers && tsc && copyfiles -u 1 \"./src/**/*.js\" dist/",
    },
    "repository": {
      "type": "git",
      "url": "git+https://github.com/Cryptonomic/ConseilJS.git"
    },
    "keywords": [
      "tezos",
      "conseil",
      "blockchain analytics",
      "blockchain reporting",
      "blockchain data access",
      "web3",
      "dapp"
    ],
    "author": "Cryptonomic Inc",
    "license": "Apache-2.0",
    "licenses": [
      {
        "type": "Apache-2.0",
        "url": "http://www.apache.org/licenses/LICENSE-2.0"
      }
    ],
    "bugs": {
      "url": "https://github.com/Cryptonomic/ConseilJS/issues"
    },
    "homepage": "https://cryptonomic.github.io/ConseilJS/#/",
    "nyc": {
      "include": [
        "src/**/*.ts"
      ],
      "exclude": [
        "src/**/lexer/*.*"
      ],
      "extension": [
        ".ts"
      ],
      "require": [
        "ts-node/register"
      ],
      "reporter": [
        "lcov"
      ],
      "sourceMap": true,
      "instrument": true
    },
    "dependencies": {
      "babel-runtime": "6.26.0",
      "aws-sdk": "2.533.0",
      "big-integer": "1.6.48",
      "bip32-path": "0.4.2",
      "bip39": "3.0.2",
      "blakejs": "1.1.0",
      "bs58check": "2.1.2",
      "libsodium-wrappers-sumo": "0.7.6",
      "loglevel": "1.6.6",
      "moo": "0.5.0",
      "nearley": "2.18.0",
      "node-fetch": "2.6.0"
    },
    "devDependencies": {
      "@types/chai": "4.2.2",
      "@types/chai-as-promised": "7.1.2",
      "@types/mocha": "5.2.7",
      "@types/nock": "11.1.0",
      "@types/node": "12.12.12",
      "@types/node-fetch": "2.5.4",
      "@typescript-eslint/eslint-plugin": "2.9.0",
      "@typescript-eslint/parser": "2.9.0",
      "awesome-typescript-loader": "5.2.1",
      "chai": "4.2.0",
      "chai-as-promised": "7.1.1",
      "copyfiles": "2.1.1",
      "coveralls": "3.0.8",
      "eslint": "6.7.1",
      "eslint-config-airbnb-base": "14.0.0",
      "eslint-plugin-import": "2.18.2",
      "eslint-plugin-typescript": "0.14.0",
      "glob": "7.1.6",
      "mocha": "6.2.2",
      "nock": "11.7.0",
      "nyc": "14.1.1",
      "request-promise": "4.2.4",
      "source-map-loader": "0.2.4",
      "source-map-support": "0.5.13",
      "terser-webpack-plugin": "2.3.0",
      "ts-loader": "6.1.0",
      "ts-node": "8.3.0",
      "tsconfig-paths-webpack-plugin": "3.2.0",
      "typedoc": "0.15.3",
      "typedoc-plugin-markdown": "2.2.11",
      "typescript": "3.5.3",
      "webpack": "4.39.3",
      "webpack-cli": "3.3.8",
      "webpack-node-externals": "1.7.2"
    },
    "engines": {
      "node": ">=10.17.x",
      "npm": ">=6.11.x"
    },
    "eslintConfig": {
      "parser": "@typescript-eslint/parser",
      "plugins": [
        "@typescript-eslint"
      ],
      "env": {
        "mocha": true,
        "node": true
      },
      "overrides": [
        {
          "files": [
            "**/**/*.ts"
          ],
          "excludedFiles": [
            "lexer/*.ts"
          ]
        }
      ],
      "extends": "airbnb-base",
      "rules": {
        "comma-dangle": [
          2,
          "never"
        ],
        "curly": [
          2,
          "all"
        ],
        "indent": [
          1,
          4
        ],
        "max-len": [
          2,
          {
            "code": 200,
            "ignoreTrailingComments": true
          }
        ],
        "no-tabs": [
          2
        ],
        "quotes": [
          2,
          "single"
        ],
        "array-element-newline": [
          2,
          {
            "multiline": true,
            "minItems": 5
          }
        ]
      }
    }
  }

yarn manifest: 
  No manifest

Lockfile: 
  No lockfile
